<?xml version="1.0" encoding="UTF-8"?>
<coverage generated="1760452659">
  <project timestamp="1760452659">
    <file name="/mnt/data/html/packages/iCal/SKien/iCal/Reader.php">
      <class name="SKien\iCal\Reader" namespace="global">
        <metrics complexity="7" methods="4" coveredmethods="4" conditionals="0" coveredconditionals="0" statements="12" coveredstatements="12" elements="16" coveredelements="16"/>
      </class>
      <line num="24" type="method" name="__construct" visibility="public" complexity="1" crap="1" count="15"/>
      <line num="26" type="stmt" count="15"/>
      <line num="56" type="method" name="nextLine" visibility="public" complexity="3" crap="3" count="15"/>
      <line num="59" type="stmt" count="15"/>
      <line num="60" type="stmt" count="15"/>
      <line num="61" type="stmt" count="5"/>
      <line num="63" type="stmt" count="15"/>
      <line num="70" type="method" name="parseLine" visibility="public" complexity="2" crap="2" count="15"/>
      <line num="73" type="stmt" count="15"/>
      <line num="74" type="stmt" count="15"/>
      <line num="75" type="stmt" count="15"/>
      <line num="76" type="stmt" count="15"/>
      <line num="77" type="stmt" count="15"/>
      <line num="78" type="stmt" count="15"/>
      <line num="88" type="method" name="notSupported" visibility="protected" complexity="1" crap="1" count="2"/>
      <line num="90" type="stmt" count="2"/>
      <metrics loc="93" ncloc="48" classes="1" methods="4" coveredmethods="4" conditionals="0" coveredconditionals="0" statements="12" coveredstatements="12" elements="16" coveredelements="16"/>
    </file>
    <file name="/mnt/data/html/packages/iCal/SKien/iCal/iCalEvent.php">
      <class name="SKien\iCal\iCalEvent" namespace="global">
        <metrics complexity="48" methods="24" coveredmethods="24" conditionals="0" coveredconditionals="0" statements="97" coveredstatements="97" elements="121" coveredelements="121"/>
      </class>
      <line num="60" type="method" name="__construct" visibility="public" complexity="1" crap="1" count="28"/>
      <line num="62" type="stmt" count="28"/>
      <line num="68" type="method" name="validate" visibility="public" complexity="5" crap="5" count="15"/>
      <line num="70" type="stmt" count="15"/>
      <line num="71" type="stmt" count="1"/>
      <line num="73" type="stmt" count="14"/>
      <line num="74" type="stmt" count="7"/>
      <line num="75" type="stmt" count="8"/>
      <line num="76" type="stmt" count="4"/>
      <line num="77" type="stmt" count="4"/>
      <line num="78" type="stmt" count="2"/>
      <line num="79" type="stmt" count="2"/>
      <line num="88" type="method" name="fetchData" visibility="public" complexity="9" crap="9" count="19"/>
      <line num="90" type="stmt" count="19"/>
      <line num="91" type="stmt" count="19"/>
      <line num="92" type="stmt" count="19"/>
      <line num="93" type="stmt" count="19"/>
      <line num="94" type="stmt" count="19"/>
      <line num="95" type="stmt" count="19"/>
      <line num="96" type="stmt" count="19"/>
      <line num="97" type="stmt" count="19"/>
      <line num="98" type="stmt" count="19"/>
      <line num="99" type="stmt" count="19"/>
      <line num="100" type="stmt" count="19"/>
      <line num="101" type="stmt" count="19"/>
      <line num="102" type="stmt" count="19"/>
      <line num="103" type="stmt" count="19"/>
      <line num="104" type="stmt" count="19"/>
      <line num="105" type="stmt" count="19"/>
      <line num="106" type="stmt" count="19"/>
      <line num="107" type="stmt" count="19"/>
      <line num="108" type="stmt" count="19"/>
      <line num="109" type="stmt" count="19"/>
      <line num="110" type="stmt" count="19"/>
      <line num="112" type="stmt" count="19"/>
      <line num="114" type="stmt" count="19"/>
      <line num="122" type="method" name="setExtProperty" visibility="public" complexity="1" crap="1" count="1"/>
      <line num="124" type="stmt" count="1"/>
      <line num="130" type="method" name="setSubject" visibility="public" complexity="1" crap="1" count="12"/>
      <line num="132" type="stmt" count="12"/>
      <line num="138" type="method" name="setUID" visibility="public" complexity="1" crap="1" count="12"/>
      <line num="140" type="stmt" count="12"/>
      <line num="146" type="method" name="setDescription" visibility="public" complexity="1" crap="1" count="8"/>
      <line num="148" type="stmt" count="8"/>
      <line num="154" type="method" name="setDuration" visibility="public" complexity="1" crap="1" count="7"/>
      <line num="156" type="stmt" count="7"/>
      <line num="162" type="method" name="getDuration" visibility="public" complexity="1" crap="1" count="11"/>
      <line num="164" type="stmt" count="11"/>
      <line num="170" type="method" name="setEnd" visibility="public" complexity="1" crap="1" count="4"/>
      <line num="172" type="stmt" count="4"/>
      <line num="178" type="method" name="getEnd" visibility="public" complexity="1" crap="1" count="12"/>
      <line num="180" type="stmt" count="12"/>
      <line num="186" type="method" name="setLastModified" visibility="public" complexity="1" crap="1" count="11"/>
      <line num="188" type="stmt" count="11"/>
      <line num="194" type="method" name="setAllDay" visibility="public" complexity="1" crap="1" count="4"/>
      <line num="196" type="stmt" count="4"/>
      <line num="202" type="method" name="getAllDay" visibility="public" complexity="1" crap="1" count="5"/>
      <line num="204" type="stmt" count="5"/>
      <line num="210" type="method" name="setPriority" visibility="public" complexity="2" crap="2" count="3"/>
      <line num="212" type="stmt" count="3"/>
      <line num="213" type="stmt" count="2"/>
      <line num="215" type="stmt" count="1"/>
      <line num="223" type="method" name="addRDate" visibility="public" complexity="1" crap="1" count="1"/>
      <line num="225" type="stmt" count="1"/>
      <line num="232" type="method" name="addExcludeDate" visibility="public" complexity="1" crap="1" count="1"/>
      <line num="234" type="stmt" count="1"/>
      <line num="243" type="method" name="setCategories" visibility="public" complexity="2" crap="2" count="2"/>
      <line num="245" type="stmt" count="2"/>
      <line num="246" type="stmt" count="1"/>
      <line num="248" type="stmt" count="2"/>
      <line num="254" type="method" name="setLocation" visibility="public" complexity="1" crap="1" count="3"/>
      <line num="256" type="stmt" count="3"/>
      <line num="262" type="method" name="setState" visibility="public" complexity="1" crap="1" count="2"/>
      <line num="264" type="stmt" count="2"/>
      <line num="270" type="method" name="setTransparency" visibility="public" complexity="1" crap="1" count="3"/>
      <line num="272" type="stmt" count="3"/>
      <line num="280" type="method" name="setOrganizer" visibility="public" complexity="1" crap="1" count="4"/>
      <line num="282" type="stmt" count="4"/>
      <line num="283" type="stmt" count="4"/>
      <line num="290" type="method" name="hasRecurrentEvents" visibility="public" complexity="1" crap="1" count="11"/>
      <line num="292" type="stmt" count="11"/>
      <line num="300" type="method" name="buildData" visibility="public" complexity="11" crap="11" count="17"/>
      <line num="302" type="stmt" count="17"/>
      <line num="303" type="stmt" count="17"/>
      <line num="304" type="stmt" count="17"/>
      <line num="306" type="stmt" count="17"/>
      <line num="307" type="stmt" count="17"/>
      <line num="308" type="stmt" count="17"/>
      <line num="309" type="stmt" count="2"/>
      <line num="310" type="stmt" count="2"/>
      <line num="313" type="stmt" count="17"/>
      <line num="314" type="stmt" count="17"/>
      <line num="315" type="stmt" count="1"/>
      <line num="316" type="stmt" count="1"/>
      <line num="317" type="stmt" count="1"/>
      <line num="318" type="stmt" count="1"/>
      <line num="321" type="stmt" count="16"/>
      <line num="322" type="stmt" count="16"/>
      <line num="324" type="stmt" count="16"/>
      <line num="325" type="stmt" count="16"/>
      <line num="326" type="stmt" count="3"/>
      <line num="330" type="stmt" count="17"/>
      <line num="331" type="stmt" count="17"/>
      <line num="332" type="stmt" count="17"/>
      <line num="333" type="stmt" count="17"/>
      <line num="334" type="stmt" count="1"/>
      <line num="335" type="stmt" count="1"/>
      <line num="336" type="stmt" count="1"/>
      <line num="339" type="stmt" count="17"/>
      <line num="340" type="stmt" count="17"/>
      <line num="341" type="stmt" count="17"/>
      <line num="342" type="stmt" count="1"/>
      <line num="344" type="stmt" count="17"/>
      <line num="345" type="stmt" count="1"/>
      <line num="347" type="stmt" count="17"/>
      <line num="348" type="stmt" count="1"/>
      <line num="350" type="stmt" count="17"/>
      <line num="351" type="stmt" count="17"/>
      <line num="352" type="stmt" count="17"/>
      <line num="362" type="stmt" count="17"/>
      <line num="364" type="stmt" count="17"/>
      <metrics loc="367" ncloc="245" classes="1" methods="24" coveredmethods="24" conditionals="0" coveredconditionals="0" statements="97" coveredstatements="97" elements="121" coveredelements="121"/>
    </file>
    <file name="/mnt/data/html/packages/iCal/SKien/iCal/iCalEventReader.php">
      <class name="SKien\iCal\iCalEventReader" namespace="global">
        <metrics complexity="32" methods="12" coveredmethods="12" conditionals="0" coveredconditionals="0" statements="66" coveredstatements="66" elements="78" coveredelements="78"/>
      </class>
      <line num="31" type="method" name="__construct" visibility="public" complexity="1" crap="1" count="11"/>
      <line num="33" type="stmt" count="11"/>
      <line num="34" type="stmt" count="11"/>
      <line num="41" type="method" name="hasEndReached" visibility="public" complexity="4" crap="4" count="11"/>
      <line num="43" type="stmt" count="11"/>
      <line num="44" type="stmt" count="11"/>
      <line num="45" type="stmt" count="11"/>
      <line num="46" type="stmt" count="11"/>
      <line num="47" type="stmt" count="11"/>
      <line num="48" type="stmt" count="11"/>
      <line num="49" type="stmt" count="11"/>
      <line num="50" type="stmt" count="11"/>
      <line num="51" type="stmt" count="1"/>
      <line num="52" type="stmt" count="1"/>
      <line num="53" type="stmt" count="1"/>
      <line num="54" type="stmt" count="1"/>
      <line num="55" type="stmt" count="1"/>
      <line num="59" type="stmt" count="11"/>
      <line num="67" type="method" name="addProperty" visibility="public" complexity="6" crap="6" count="11"/>
      <line num="78" type="stmt" count="11"/>
      <line num="108" type="stmt" count="11"/>
      <line num="109" type="stmt" count="11"/>
      <line num="110" type="stmt" count="11"/>
      <line num="112" type="stmt" count="11"/>
      <line num="113" type="stmt" count="11"/>
      <line num="115" type="stmt" count="11"/>
      <line num="116" type="stmt" count="11"/>
      <line num="118" type="stmt" count="11"/>
      <line num="121" type="stmt" count="11"/>
      <line num="122" type="stmt" count="11"/>
      <line num="123" type="stmt" count="1"/>
      <line num="141" type="method" name="parseDtStart" visibility="protected" complexity="5" crap="5" count="11"/>
      <line num="143" type="stmt" count="11"/>
      <line num="144" type="stmt" count="11"/>
      <line num="145" type="stmt" count="11"/>
      <line num="146" type="stmt" count="11"/>
      <line num="148" type="stmt" count="11"/>
      <line num="149" type="stmt" count="11"/>
      <line num="150" type="stmt" count="9"/>
      <line num="152" type="stmt" count="2"/>
      <line num="155" type="stmt" count="11"/>
      <line num="157" type="stmt" count="3"/>
      <line num="168" type="method" name="parseDtEnd" visibility="protected" complexity="3" crap="3" count="6"/>
      <line num="170" type="stmt" count="6"/>
      <line num="171" type="stmt" count="1"/>
      <line num="172" type="stmt" count="1"/>
      <line num="174" type="stmt" count="5"/>
      <line num="175" type="stmt" count="5"/>
      <line num="176" type="stmt" count="3"/>
      <line num="186" type="method" name="parseDtLastModified" visibility="protected" complexity="2" crap="2" count="10"/>
      <line num="188" type="stmt" count="10"/>
      <line num="189" type="stmt" count="10"/>
      <line num="190" type="stmt" count="10"/>
      <line num="205" type="method" name="parseDuration" visibility="protected" complexity="3" crap="3" count="6"/>
      <line num="207" type="stmt" count="6"/>
      <line num="208" type="stmt" count="1"/>
      <line num="209" type="stmt" count="1"/>
      <line num="211" type="stmt" count="5"/>
      <line num="212" type="stmt" count="5"/>
      <line num="213" type="stmt" count="5"/>
      <line num="224" type="method" name="parseOrganizer" visibility="protected" complexity="2" crap="2" count="3"/>
      <line num="226" type="stmt" count="3"/>
      <line num="227" type="stmt" count="3"/>
      <line num="228" type="stmt" count="3"/>
      <line num="229" type="stmt" count="3"/>
      <line num="230" type="stmt" count="3"/>
      <line num="232" type="stmt" count="3"/>
      <line num="241" type="method" name="parseRDate" visibility="protected" complexity="1" crap="1" count="1"/>
      <line num="243" type="stmt" count="1"/>
      <line num="252" type="method" name="parseExcludeDate" visibility="protected" complexity="1" crap="1" count="1"/>
      <line num="254" type="stmt" count="1"/>
      <line num="262" type="method" name="beginAlarmProp" visibility="protected" complexity="2" crap="2" count="1"/>
      <line num="264" type="stmt" count="1"/>
      <line num="265" type="stmt" count="1"/>
      <line num="266" type="stmt" count="1"/>
      <line num="275" type="method" name="endAlarmProp" visibility="protected" complexity="2" crap="2" count="1"/>
      <line num="277" type="stmt" count="1"/>
      <line num="278" type="stmt" count="1"/>
      <metrics loc="282" ncloc="171" classes="1" methods="12" coveredmethods="12" conditionals="0" coveredconditionals="0" statements="66" coveredstatements="66" elements="78" coveredelements="78"/>
    </file>
    <file name="/mnt/data/html/packages/iCal/SKien/iCal/iCalHelper.php">
      <class name="SKien\iCal\iCalHelper" namespace="global">
        <metrics complexity="80" methods="26" coveredmethods="26" conditionals="0" coveredconditionals="0" statements="246" coveredstatements="246" elements="272" coveredelements="272"/>
      </class>
      <line num="30" type="method" name="setCalcTimezone" visibility="public" complexity="1" crap="1" count="9"/>
      <line num="32" type="stmt" count="9"/>
      <line num="43" type="method" name="buildProperty" visibility="protected" complexity="3" crap="3" count="17"/>
      <line num="45" type="stmt" count="17"/>
      <line num="46" type="stmt" count="17"/>
      <line num="47" type="stmt" count="17"/>
      <line num="48" type="stmt" count="17"/>
      <line num="50" type="stmt" count="17"/>
      <line num="51" type="stmt" count="17"/>
      <line num="53" type="stmt" count="17"/>
      <line num="61" type="method" name="maskString" visibility="protected" complexity="4" crap="4" count="20"/>
      <line num="64" type="stmt" count="20"/>
      <line num="65" type="stmt" count="20"/>
      <line num="66" type="stmt" count="20"/>
      <line num="67" type="stmt" count="20"/>
      <line num="68" type="stmt" count="20"/>
      <line num="69" type="stmt" count="20"/>
      <line num="71" type="stmt" count="20"/>
      <line num="72" type="stmt" count="20"/>
      <line num="73" type="stmt" count="20"/>
      <line num="74" type="stmt" count="20"/>
      <line num="79" type="stmt" count="20"/>
      <line num="87" type="method" name="unmaskString" visibility="protected" complexity="4" crap="4" count="15"/>
      <line num="89" type="stmt" count="15"/>
      <line num="90" type="stmt" count="15"/>
      <line num="91" type="stmt" count="15"/>
      <line num="93" type="stmt" count="15"/>
      <line num="94" type="stmt" count="15"/>
      <line num="95" type="stmt" count="15"/>
      <line num="96" type="stmt" count="15"/>
      <line num="101" type="stmt" count="15"/>
      <line num="130" type="method" name="foldLine" visibility="protected" complexity="3" crap="3" count="17"/>
      <line num="132" type="stmt" count="17"/>
      <line num="135" type="stmt" count="17"/>
      <line num="136" type="stmt" count="17"/>
      <line num="137" type="stmt" count="17"/>
      <line num="140" type="stmt" count="17"/>
      <line num="142" type="stmt" count="1"/>
      <line num="144" type="stmt" count="1"/>
      <line num="145" type="stmt" count="1"/>
      <line num="147" type="stmt" count="1"/>
      <line num="148" type="stmt" count="1"/>
      <line num="152" type="stmt" count="17"/>
      <line num="154" type="stmt" count="17"/>
      <line num="161" type="method" name="getUUID" visibility="protected" complexity="1" crap="1" count="15"/>
      <line num="163" type="stmt" count="15"/>
      <line num="164" type="stmt" count="15"/>
      <line num="165" type="stmt" count="15"/>
      <line num="166" type="stmt" count="15"/>
      <line num="167" type="stmt" count="15"/>
      <line num="168" type="stmt" count="15"/>
      <line num="169" type="stmt" count="15"/>
      <line num="178" type="method" name="parseDateTimeValue" visibility="protected" complexity="9" crap="9" count="11"/>
      <line num="180" type="stmt" count="11"/>
      <line num="182" type="stmt" count="11"/>
      <line num="183" type="stmt" count="11"/>
      <line num="184" type="stmt" count="11"/>
      <line num="186" type="stmt" count="3"/>
      <line num="187" type="stmt" count="3"/>
      <line num="190" type="stmt" count="11"/>
      <line num="191" type="stmt" count="11"/>
      <line num="192" type="stmt" count="11"/>
      <line num="193" type="stmt" count="11"/>
      <line num="194" type="stmt" count="9"/>
      <line num="197" type="stmt" count="2"/>
      <line num="198" type="stmt" count="2"/>
      <line num="202" type="stmt" count="2"/>
      <line num="206" type="stmt" count="11"/>
      <line num="207" type="stmt" count="2"/>
      <line num="208" type="stmt" count="2"/>
      <line num="210" type="stmt" count="11"/>
      <line num="219" type="method" name="parseDateTimeList" visibility="protected" complexity="3" crap="3" count="1"/>
      <line num="221" type="stmt" count="1"/>
      <line num="222" type="stmt" count="1"/>
      <line num="223" type="stmt" count="1"/>
      <line num="224" type="stmt" count="1"/>
      <line num="225" type="stmt" count="1"/>
      <line num="226" type="stmt" count="1"/>
      <line num="229" type="stmt" count="1"/>
      <line num="241" type="method" name="parseDurationValue" visibility="protected" complexity="7" crap="7" count="5"/>
      <line num="243" type="stmt" count="5"/>
      <line num="244" type="stmt" count="5"/>
      <line num="246" type="stmt" count="5"/>
      <line num="247" type="stmt" count="5"/>
      <line num="254" type="stmt" count="5"/>
      <line num="255" type="stmt" count="5"/>
      <line num="256" type="stmt" count="5"/>
      <line num="263" type="stmt" count="5"/>
      <line num="265" type="stmt" count="2"/>
      <line num="266" type="stmt" count="2"/>
      <line num="267" type="stmt" count="2"/>
      <line num="269" type="stmt" count="5"/>
      <line num="270" type="stmt" count="5"/>
      <line num="271" type="stmt" count="5"/>
      <line num="273" type="stmt" count="5"/>
      <line num="277" type="stmt" count="5"/>
      <line num="285" type="method" name="parseOffset" visibility="protected" complexity="3" crap="3" count="75"/>
      <line num="287" type="stmt" count="75"/>
      <line num="288" type="stmt" count="75"/>
      <line num="290" type="stmt" count="75"/>
      <line num="291" type="stmt" count="75"/>
      <line num="292" type="stmt" count="75"/>
      <line num="294" type="stmt" count="75"/>
      <line num="295" type="stmt" count="75"/>
      <line num="296" type="stmt" count="75"/>
      <line num="298" type="stmt" count="75"/>
      <line num="306" type="method" name="parseParams" visibility="protected" complexity="3" crap="3" count="15"/>
      <line num="308" type="stmt" count="15"/>
      <line num="309" type="stmt" count="15"/>
      <line num="310" type="stmt" count="15"/>
      <line num="311" type="stmt" count="11"/>
      <line num="312" type="stmt" count="11"/>
      <line num="313" type="stmt" count="11"/>
      <line num="314" type="stmt" count="11"/>
      <line num="323" type="stmt" count="11"/>
      <line num="326" type="stmt" count="15"/>
      <line num="333" type="method" name="parseStringArray" visibility="protected" complexity="2" crap="2" count="45"/>
      <line num="335" type="stmt" count="45"/>
      <line num="336" type="stmt" count="45"/>
      <line num="337" type="stmt" count="45"/>
      <line num="338" type="stmt" count="45"/>
      <line num="340" type="stmt" count="45"/>
      <line num="347" type="method" name="parseIntArray" visibility="protected" complexity="2" crap="2" count="45"/>
      <line num="349" type="stmt" count="45"/>
      <line num="350" type="stmt" count="45"/>
      <line num="351" type="stmt" count="45"/>
      <line num="352" type="stmt" count="45"/>
      <line num="354" type="stmt" count="45"/>
      <line num="362" type="method" name="getTimezoneOffset" visibility="protected" complexity="2" crap="2" count="75"/>
      <line num="364" type="stmt" count="75"/>
      <line num="365" type="stmt" count="75"/>
      <line num="366" type="stmt" count="63"/>
      <line num="367" type="stmt" count="63"/>
      <line num="369" type="stmt" count="75"/>
      <line num="377" type="method" name="getOffsetString" visibility="protected" complexity="2" crap="2" count="70"/>
      <line num="379" type="stmt" count="70"/>
      <line num="380" type="stmt" count="70"/>
      <line num="381" type="stmt" count="70"/>
      <line num="383" type="stmt" count="70"/>
      <line num="385" type="stmt" count="70"/>
      <line num="399" type="method" name="setDateTimePart" visibility="protected" complexity="3" crap="3" count="52"/>
      <line num="401" type="stmt" count="52"/>
      <line num="402" type="stmt" count="52"/>
      <line num="403" type="stmt" count="52"/>
      <line num="404" type="stmt" count="52"/>
      <line num="405" type="stmt" count="52"/>
      <line num="408" type="stmt" count="52"/>
      <line num="409" type="stmt" count="52"/>
      <line num="410" type="stmt" count="13"/>
      <line num="412" type="stmt" count="52"/>
      <line num="421" type="method" name="getDateTimePart" visibility="protected" complexity="2" crap="2" count="44"/>
      <line num="423" type="stmt" count="44"/>
      <line num="424" type="stmt" count="44"/>
      <line num="425" type="stmt" count="44"/>
      <line num="426" type="stmt" count="44"/>
      <line num="437" type="stmt" count="44"/>
      <line num="438" type="stmt" count="44"/>
      <line num="439" type="stmt" count="44"/>
      <line num="441" type="stmt" count="44"/>
      <line num="450" type="method" name="mkTime" visibility="protected" complexity="1" crap="1" count="52"/>
      <line num="452" type="stmt" count="52"/>
      <line num="453" type="stmt" count="52"/>
      <line num="463" type="method" name="getDate" visibility="protected" complexity="1" crap="1" count="52"/>
      <line num="465" type="stmt" count="52"/>
      <line num="466" type="stmt" count="52"/>
      <line num="467" type="stmt" count="52"/>
      <line num="468" type="stmt" count="52"/>
      <line num="469" type="stmt" count="52"/>
      <line num="470" type="stmt" count="52"/>
      <line num="471" type="stmt" count="52"/>
      <line num="472" type="stmt" count="52"/>
      <line num="473" type="stmt" count="52"/>
      <line num="474" type="stmt" count="52"/>
      <line num="475" type="stmt" count="52"/>
      <line num="476" type="stmt" count="52"/>
      <line num="480" type="stmt" count="52"/>
      <line num="489" type="method" name="addDate" visibility="protected" complexity="2" crap="2" count="71"/>
      <line num="491" type="stmt" count="71"/>
      <line num="492" type="stmt" count="71"/>
      <line num="493" type="stmt" count="71"/>
      <line num="494" type="stmt" count="71"/>
      <line num="496" type="stmt" count="71"/>
      <line num="498" type="stmt" count="71"/>
      <line num="499" type="stmt" count="71"/>
      <line num="500" type="stmt" count="71"/>
      <line num="505" type="stmt" count="34"/>
      <line num="507" type="stmt" count="71"/>
      <line num="516" type="method" name="subDate" visibility="protected" complexity="2" crap="2" count="14"/>
      <line num="518" type="stmt" count="14"/>
      <line num="519" type="stmt" count="14"/>
      <line num="520" type="stmt" count="14"/>
      <line num="521" type="stmt" count="14"/>
      <line num="523" type="stmt" count="14"/>
      <line num="525" type="stmt" count="14"/>
      <line num="526" type="stmt" count="14"/>
      <line num="527" type="stmt" count="14"/>
      <line num="528" type="stmt" count="1"/>
      <line num="530" type="stmt" count="14"/>
      <line num="539" type="method" name="formatDate" visibility="protected" complexity="1" crap="1" count="1"/>
      <line num="541" type="stmt" count="1"/>
      <line num="542" type="stmt" count="1"/>
      <line num="544" type="stmt" count="1"/>
      <line num="555" type="method" name="calcDuration" visibility="protected" complexity="2" crap="2" count="7"/>
      <line num="557" type="stmt" count="7"/>
      <line num="558" type="stmt" count="7"/>
      <line num="559" type="stmt" count="7"/>
      <line num="560" type="stmt" count="7"/>
      <line num="561" type="stmt" count="1"/>
      <line num="563" type="stmt" count="7"/>
      <line num="575" type="method" name="getDateFromMonthDay" visibility="protected" complexity="3" crap="3" count="22"/>
      <line num="578" type="stmt" count="22"/>
      <line num="579" type="stmt" count="22"/>
      <line num="581" type="stmt" count="22"/>
      <line num="582" type="stmt" count="22"/>
      <line num="583" type="stmt" count="22"/>
      <line num="584" type="stmt" count="22"/>
      <line num="587" type="stmt" count="22"/>
      <line num="588" type="stmt" count="22"/>
      <line num="589" type="stmt" count="6"/>
      <line num="591" type="stmt" count="20"/>
      <line num="592" type="stmt" count="20"/>
      <line num="594" type="stmt" count="22"/>
      <line num="606" type="method" name="getDateFromYearDay" visibility="protected" complexity="4" crap="4" count="2"/>
      <line num="608" type="stmt" count="2"/>
      <line num="609" type="stmt" count="2"/>
      <line num="611" type="stmt" count="1"/>
      <line num="612" type="stmt" count="1"/>
      <line num="613" type="stmt" count="1"/>
      <line num="614" type="stmt" count="1"/>
      <line num="615" type="stmt" count="1"/>
      <line num="616" type="stmt" count="1"/>
      <line num="618" type="stmt" count="1"/>
      <line num="621" type="stmt" count="1"/>
      <line num="622" type="stmt" count="1"/>
      <line num="623" type="stmt" count="1"/>
      <line num="624" type="stmt" count="1"/>
      <line num="625" type="stmt" count="1"/>
      <line num="626" type="stmt" count="1"/>
      <line num="628" type="stmt" count="1"/>
      <line num="629" type="stmt" count="1"/>
      <line num="630" type="stmt" count="1"/>
      <line num="632" type="stmt" count="2"/>
      <line num="642" type="method" name="getWeekNoStart" visibility="protected" complexity="10" crap="10" count="12"/>
      <line num="644" type="stmt" count="12"/>
      <line num="645" type="stmt" count="12"/>
      <line num="647" type="stmt" count="2"/>
      <line num="648" type="stmt" count="2"/>
      <line num="649" type="stmt" count="2"/>
      <line num="650" type="stmt" count="2"/>
      <line num="651" type="stmt" count="2"/>
      <line num="652" type="stmt" count="1"/>
      <line num="655" type="stmt" count="12"/>
      <line num="656" type="stmt" count="7"/>
      <line num="657" type="stmt" count="5"/>
      <line num="659" type="stmt" count="2"/>
      <line num="660" type="stmt" count="2"/>
      <line num="661" type="stmt" count="2"/>
      <line num="662" type="stmt" count="2"/>
      <line num="663" type="stmt" count="1"/>
      <line num="667" type="stmt" count="4"/>
      <line num="668" type="stmt" count="4"/>
      <line num="669" type="stmt" count="4"/>
      <line num="671" type="stmt" count="4"/>
      <line num="672" type="stmt" count="4"/>
      <line num="673" type="stmt" count="4"/>
      <line num="677" type="stmt" count="11"/>
      <line num="678" type="stmt" count="11"/>
      <line num="679" type="stmt" count="11"/>
      <line num="680" type="stmt" count="2"/>
      <line num="682" type="stmt" count="11"/>
      <line num="683" type="stmt" count="11"/>
      <line num="685" type="stmt" count="11"/>
      <metrics loc="688" ncloc="450" classes="1" methods="26" coveredmethods="26" conditionals="0" coveredconditionals="0" statements="246" coveredstatements="246" elements="272" coveredelements="272"/>
    </file>
    <file name="/mnt/data/html/packages/iCal/SKien/iCal/iCalReader.php">
      <class name="SKien\iCal\iCalReader" namespace="global">
        <metrics complexity="16" methods="6" coveredmethods="6" conditionals="0" coveredconditionals="0" statements="27" coveredstatements="27" elements="33" coveredelements="33"/>
      </class>
      <line num="31" type="method" name="__construct" visibility="public" complexity="1" crap="1" count="12"/>
      <line num="33" type="stmt" count="12"/>
      <line num="40" type="method" name="hasEndReached" visibility="public" complexity="1" crap="1" count="12"/>
      <line num="42" type="stmt" count="12"/>
      <line num="43" type="stmt" count="12"/>
      <line num="50" type="method" name="parseLine" visibility="public" complexity="3" crap="3" count="12"/>
      <line num="52" type="stmt" count="12"/>
      <line num="53" type="stmt" count="12"/>
      <line num="54" type="stmt" count="12"/>
      <line num="56" type="stmt" count="12"/>
      <line num="59" type="stmt" count="12"/>
      <line num="68" type="method" name="addProperty" visibility="public" complexity="4" crap="4" count="12"/>
      <line num="79" type="stmt" count="12"/>
      <line num="94" type="stmt" count="12"/>
      <line num="95" type="stmt" count="12"/>
      <line num="96" type="stmt" count="12"/>
      <line num="97" type="stmt" count="12"/>
      <line num="98" type="stmt" count="12"/>
      <line num="100" type="stmt" count="12"/>
      <line num="101" type="stmt" count="12"/>
      <line num="103" type="stmt" count="12"/>
      <line num="113" type="method" name="beginProp" visibility="protected" complexity="5" crap="5" count="12"/>
      <line num="115" type="stmt" count="12"/>
      <line num="116" type="stmt" count="12"/>
      <line num="117" type="stmt" count="12"/>
      <line num="120" type="stmt" count="12"/>
      <line num="121" type="stmt" count="11"/>
      <line num="122" type="stmt" count="12"/>
      <line num="123" type="stmt" count="12"/>
      <line num="125" type="stmt" count="1"/>
      <line num="135" type="method" name="checkCalscale" visibility="protected" complexity="2" crap="2" count="11"/>
      <line num="137" type="stmt" count="11"/>
      <line num="138" type="stmt" count="1"/>
      <metrics loc="142" ncloc="86" classes="1" methods="6" coveredmethods="6" conditionals="0" coveredconditionals="0" statements="27" coveredstatements="27" elements="33" coveredelements="33"/>
    </file>
    <file name="/mnt/data/html/packages/iCal/SKien/iCal/iCalRecurrenceBase.php">
      <class name="SKien\iCal\iCalRecurrenceBase" namespace="global">
        <metrics complexity="9" methods="6" coveredmethods="6" conditionals="0" coveredconditionals="0" statements="19" coveredstatements="19" elements="25" coveredelements="25"/>
      </class>
      <line num="37" type="method" name="__construct" visibility="public" complexity="1" crap="1" count="116"/>
      <line num="39" type="stmt" count="116"/>
      <line num="40" type="stmt" count="116"/>
      <line num="46" type="method" name="setStart" visibility="public" complexity="1" crap="1" count="15"/>
      <line num="48" type="stmt" count="15"/>
      <line num="54" type="method" name="getStart" visibility="public" complexity="1" crap="1" count="16"/>
      <line num="56" type="stmt" count="16"/>
      <line num="65" type="method" name="setRRule" visibility="public" complexity="1" crap="1" count="20"/>
      <line num="67" type="stmt" count="20"/>
      <line num="73" type="method" name="getRRule" visibility="public" complexity="1" crap="1" count="1"/>
      <line num="75" type="stmt" count="1"/>
      <line num="92" type="method" name="getRecurrentDates" visibility="public" complexity="4" crap="4" count="76"/>
      <line num="94" type="stmt" count="76"/>
      <line num="95" type="stmt" count="76"/>
      <line num="96" type="stmt" count="18"/>
      <line num="97" type="stmt" count="18"/>
      <line num="98" type="stmt" count="18"/>
      <line num="99" type="stmt" count="18"/>
      <line num="103" type="stmt" count="71"/>
      <line num="106" type="stmt" count="76"/>
      <line num="107" type="stmt" count="76"/>
      <line num="108" type="stmt" count="76"/>
      <line num="110" type="stmt" count="76"/>
      <line num="111" type="stmt" count="11"/>
      <line num="114" type="stmt" count="76"/>
      <metrics loc="117" ncloc="65" classes="1" methods="6" coveredmethods="6" conditionals="0" coveredconditionals="0" statements="19" coveredstatements="19" elements="25" coveredelements="25"/>
    </file>
    <file name="/mnt/data/html/packages/iCal/SKien/iCal/iCalRecurrenceRule.php">
      <class name="SKien\iCal\iCalRecurrenceRule" namespace="global">
        <metrics complexity="166" methods="21" coveredmethods="21" conditionals="0" coveredconditionals="0" statements="360" coveredstatements="360" elements="381" coveredelements="381"/>
      </class>
      <line num="73" type="method" name="__construct" visibility="public" complexity="1" crap="1" count="80"/>
      <line num="75" type="stmt" count="80"/>
      <line num="76" type="stmt" count="80"/>
      <line num="77" type="stmt" count="80"/>
      <line num="90" type="method" name="parseProperty" visibility="protected" complexity="30" crap="30" count="80"/>
      <line num="92" type="stmt" count="80"/>
      <line num="93" type="stmt" count="80"/>
      <line num="94" type="stmt" count="80"/>
      <line num="95" type="stmt" count="80"/>
      <line num="96" type="stmt" count="80"/>
      <line num="97" type="stmt" count="80"/>
      <line num="99" type="stmt" count="80"/>
      <line num="100" type="stmt" count="80"/>
      <line num="102" type="stmt" count="80"/>
      <line num="103" type="stmt" count="80"/>
      <line num="104" type="stmt" count="80"/>
      <line num="105" type="stmt" count="80"/>
      <line num="106" type="stmt" count="1"/>
      <line num="107" type="stmt" count="1"/>
      <line num="109" type="stmt" count="80"/>
      <line num="110" type="stmt" count="80"/>
      <line num="112" type="stmt" count="22"/>
      <line num="113" type="stmt" count="21"/>
      <line num="115" type="stmt" count="3"/>
      <line num="117" type="stmt" count="21"/>
      <line num="118" type="stmt" count="21"/>
      <line num="120" type="stmt" count="1"/>
      <line num="122" type="stmt" count="22"/>
      <line num="123" type="stmt" count="76"/>
      <line num="125" type="stmt" count="30"/>
      <line num="126" type="stmt" count="30"/>
      <line num="127" type="stmt" count="1"/>
      <line num="128" type="stmt" count="1"/>
      <line num="130" type="stmt" count="30"/>
      <line num="131" type="stmt" count="72"/>
      <line num="133" type="stmt" count="20"/>
      <line num="134" type="stmt" count="20"/>
      <line num="135" type="stmt" count="1"/>
      <line num="136" type="stmt" count="1"/>
      <line num="138" type="stmt" count="20"/>
      <line num="139" type="stmt" count="63"/>
      <line num="141" type="stmt" count="1"/>
      <line num="142" type="stmt" count="1"/>
      <line num="143" type="stmt" count="1"/>
      <line num="144" type="stmt" count="62"/>
      <line num="146" type="stmt" count="1"/>
      <line num="147" type="stmt" count="1"/>
      <line num="148" type="stmt" count="1"/>
      <line num="149" type="stmt" count="62"/>
      <line num="151" type="stmt" count="2"/>
      <line num="152" type="stmt" count="2"/>
      <line num="153" type="stmt" count="2"/>
      <line num="154" type="stmt" count="60"/>
      <line num="156" type="stmt" count="45"/>
      <line num="157" type="stmt" count="45"/>
      <line num="159" type="stmt" count="45"/>
      <line num="160" type="stmt" count="1"/>
      <line num="161" type="stmt" count="1"/>
      <line num="164" type="stmt" count="45"/>
      <line num="165" type="stmt" count="52"/>
      <line num="167" type="stmt" count="8"/>
      <line num="168" type="stmt" count="8"/>
      <line num="169" type="stmt" count="8"/>
      <line num="170" type="stmt" count="45"/>
      <line num="172" type="stmt" count="3"/>
      <line num="173" type="stmt" count="3"/>
      <line num="174" type="stmt" count="3"/>
      <line num="175" type="stmt" count="42"/>
      <line num="178" type="stmt" count="6"/>
      <line num="179" type="stmt" count="6"/>
      <line num="180" type="stmt" count="6"/>
      <line num="181" type="stmt" count="36"/>
      <line num="183" type="stmt" count="26"/>
      <line num="184" type="stmt" count="26"/>
      <line num="185" type="stmt" count="26"/>
      <line num="186" type="stmt" count="10"/>
      <line num="189" type="stmt" count="3"/>
      <line num="190" type="stmt" count="3"/>
      <line num="191" type="stmt" count="1"/>
      <line num="192" type="stmt" count="1"/>
      <line num="194" type="stmt" count="2"/>
      <line num="195" type="stmt" count="7"/>
      <line num="197" type="stmt" count="7"/>
      <line num="198" type="stmt" count="7"/>
      <line num="202" type="stmt" count="80"/>
      <line num="203" type="stmt" count="1"/>
      <line num="205" type="stmt" count="79"/>
      <line num="207" type="stmt" count="80"/>
      <line num="208" type="stmt" count="80"/>
      <line num="209" type="stmt" count="80"/>
      <line num="215" type="method" name="sortByDay" visibility="protected" complexity="6" crap="6" count="80"/>
      <line num="217" type="stmt" count="80"/>
      <line num="218" type="stmt" count="12"/>
      <line num="219" type="stmt" count="12"/>
      <line num="220" type="stmt" count="12"/>
      <line num="221" type="stmt" count="12"/>
      <line num="222" type="stmt" count="12"/>
      <line num="223" type="stmt" count="11"/>
      <line num="224" type="stmt" count="11"/>
      <line num="225" type="stmt" count="1"/>
      <line num="227" type="stmt" count="11"/>
      <line num="231" type="stmt" count="12"/>
      <line num="232" type="stmt" count="12"/>
      <line num="241" type="method" name="validate" visibility="protected" complexity="6" crap="6" count="80"/>
      <line num="244" type="stmt" count="80"/>
      <line num="245" type="stmt" count="1"/>
      <line num="246" type="stmt" count="1"/>
      <line num="249" type="stmt" count="80"/>
      <line num="250" type="stmt" count="1"/>
      <line num="251" type="stmt" count="1"/>
      <line num="254" type="stmt" count="80"/>
      <line num="255" type="stmt" count="1"/>
      <line num="256" type="stmt" count="1"/>
      <line num="271" type="method" name="validateIntArray" visibility="protected" complexity="6" crap="6" count="45"/>
      <line num="273" type="stmt" count="45"/>
      <line num="274" type="stmt" count="45"/>
      <line num="275" type="stmt" count="1"/>
      <line num="276" type="stmt" count="1"/>
      <line num="285" type="method" name="addExcludeDate" visibility="public" complexity="1" crap="1" count="1"/>
      <line num="287" type="stmt" count="1"/>
      <line num="296" type="method" name="setExcludeDates" visibility="public" complexity="1" crap="1" count="19"/>
      <line num="298" type="stmt" count="19"/>
      <line num="299" type="stmt" count="19"/>
      <line num="308" type="method" name="getDateList" visibility="public" complexity="15" crap="15" count="80"/>
      <line num="310" type="stmt" count="80"/>
      <line num="311" type="stmt" count="80"/>
      <line num="313" type="stmt" count="80"/>
      <line num="315" type="stmt" count="6"/>
      <line num="318" type="stmt" count="74"/>
      <line num="319" type="stmt" count="57"/>
      <line num="322" type="stmt" count="74"/>
      <line num="324" type="stmt" count="74"/>
      <line num="328" type="stmt" count="74"/>
      <line num="329" type="stmt" count="74"/>
      <line num="331" type="stmt" count="74"/>
      <line num="332" type="stmt" count="74"/>
      <line num="333" type="stmt" count="58"/>
      <line num="335" type="stmt" count="74"/>
      <line num="338" type="stmt" count="2"/>
      <line num="339" type="stmt" count="2"/>
      <line num="340" type="stmt" count="2"/>
      <line num="341" type="stmt" count="1"/>
      <line num="342" type="stmt" count="1"/>
      <line num="343" type="stmt" count="1"/>
      <line num="346" type="stmt" count="72"/>
      <line num="349" type="stmt" count="16"/>
      <line num="350" type="stmt" count="16"/>
      <line num="352" type="stmt" count="72"/>
      <line num="353" type="stmt" count="72"/>
      <line num="355" type="stmt" count="74"/>
      <line num="356" type="stmt" count="74"/>
      <line num="357" type="stmt" count="18"/>
      <line num="359" type="stmt" count="74"/>
      <line num="360" type="stmt" count="44"/>
      <line num="362" type="stmt" count="72"/>
      <line num="363" type="stmt" count="15"/>
      <line num="365" type="stmt" count="72"/>
      <line num="366" type="stmt" count="1"/>
      <line num="367" type="stmt" count="1"/>
      <line num="370" type="stmt" count="74"/>
      <line num="371" type="stmt" count="74"/>
      <line num="373" type="stmt" count="74"/>
      <line num="382" type="method" name="nextInterval" visibility="protected" complexity="24" crap="24" count="74"/>
      <line num="384" type="stmt" count="74"/>
      <line num="385" type="stmt" count="74"/>
      <line num="386" type="stmt" count="34"/>
      <line num="387" type="stmt" count="33"/>
      <line num="388" type="stmt" count="33"/>
      <line num="389" type="stmt" count="31"/>
      <line num="391" type="stmt" count="33"/>
      <line num="392" type="stmt" count="29"/>
      <line num="395" type="stmt" count="34"/>
      <line num="396" type="stmt" count="34"/>
      <line num="397" type="stmt" count="41"/>
      <line num="398" type="stmt" count="15"/>
      <line num="399" type="stmt" count="14"/>
      <line num="400" type="stmt" count="14"/>
      <line num="403" type="stmt" count="1"/>
      <line num="405" type="stmt" count="14"/>
      <line num="408" type="stmt" count="14"/>
      <line num="409" type="stmt" count="14"/>
      <line num="410" type="stmt" count="14"/>
      <line num="412" type="stmt" count="14"/>
      <line num="414" type="stmt" count="1"/>
      <line num="415" type="stmt" count="1"/>
      <line num="417" type="stmt" count="1"/>
      <line num="419" type="stmt" count="15"/>
      <line num="420" type="stmt" count="26"/>
      <line num="421" type="stmt" count="9"/>
      <line num="422" type="stmt" count="7"/>
      <line num="423" type="stmt" count="7"/>
      <line num="424" type="stmt" count="7"/>
      <line num="425" type="stmt" count="7"/>
      <line num="427" type="stmt" count="7"/>
      <line num="428" type="stmt" count="7"/>
      <line num="431" type="stmt" count="2"/>
      <line num="432" type="stmt" count="2"/>
      <line num="434" type="stmt" count="2"/>
      <line num="436" type="stmt" count="9"/>
      <line num="437" type="stmt" count="17"/>
      <line num="438" type="stmt" count="12"/>
      <line num="439" type="stmt" count="11"/>
      <line num="441" type="stmt" count="12"/>
      <line num="442" type="stmt" count="12"/>
      <line num="443" type="stmt" count="5"/>
      <line num="444" type="stmt" count="5"/>
      <line num="445" type="stmt" count="2"/>
      <line num="446" type="stmt" count="5"/>
      <line num="457" type="stmt" count="5"/>
      <line num="458" type="stmt" count="5"/>
      <line num="459" type="stmt" count="5"/>
      <line num="460" type="stmt" count="5"/>
      <line num="461" type="stmt" count="5"/>
      <line num="462" type="stmt" count="5"/>
      <line num="463" type="stmt" count="5"/>
      <line num="465" type="stmt" count="5"/>
      <line num="466" type="stmt" count="5"/>
      <line num="467" type="stmt" count="5"/>
      <line num="468" type="stmt" count="5"/>
      <line num="476" type="method" name="cleanupResult" visibility="protected" complexity="9" crap="9" count="74"/>
      <line num="478" type="stmt" count="74"/>
      <line num="479" type="stmt" count="4"/>
      <line num="481" type="stmt" count="74"/>
      <line num="482" type="stmt" count="16"/>
      <line num="484" type="stmt" count="74"/>
      <line num="485" type="stmt" count="20"/>
      <line num="487" type="stmt" count="74"/>
      <line num="488" type="stmt" count="74"/>
      <line num="495" type="method" name="endReached" visibility="protected" complexity="4" crap="4" count="74"/>
      <line num="497" type="stmt" count="74"/>
      <line num="500" type="stmt" count="74"/>
      <line num="502" type="stmt" count="74"/>
      <line num="504" type="stmt" count="24"/>
      <line num="505" type="stmt" count="51"/>
      <line num="507" type="stmt" count="20"/>
      <line num="509" type="stmt" count="74"/>
      <line num="518" type="method" name="getByMonth" visibility="protected" complexity="7" crap="7" count="74"/>
      <line num="520" type="stmt" count="74"/>
      <line num="521" type="stmt" count="74"/>
      <line num="522" type="stmt" count="25"/>
      <line num="523" type="stmt" count="25"/>
      <line num="524" type="stmt" count="25"/>
      <line num="525" type="stmt" count="25"/>
      <line num="526" type="stmt" count="25"/>
      <line num="528" type="stmt" count="21"/>
      <line num="530" type="stmt" count="25"/>
      <line num="531" type="stmt" count="25"/>
      <line num="532" type="stmt" count="25"/>
      <line num="533" type="stmt" count="3"/>
      <line num="534" type="stmt" count="3"/>
      <line num="537" type="stmt" count="2"/>
      <line num="541" type="stmt" count="50"/>
      <line num="543" type="stmt" count="74"/>
      <line num="552" type="method" name="getByWeekNo" visibility="protected" complexity="7" crap="7" count="74"/>
      <line num="554" type="stmt" count="74"/>
      <line num="555" type="stmt" count="74"/>
      <line num="556" type="stmt" count="5"/>
      <line num="557" type="stmt" count="5"/>
      <line num="558" type="stmt" count="5"/>
      <line num="559" type="stmt" count="4"/>
      <line num="560" type="stmt" count="4"/>
      <line num="561" type="stmt" count="4"/>
      <line num="562" type="stmt" count="2"/>
      <line num="564" type="stmt" count="4"/>
      <line num="565" type="stmt" count="4"/>
      <line num="569" type="stmt" count="5"/>
      <line num="571" type="stmt" count="69"/>
      <line num="573" type="stmt" count="74"/>
      <line num="582" type="method" name="getByYearDay" visibility="protected" complexity="8" crap="8" count="73"/>
      <line num="584" type="stmt" count="73"/>
      <line num="585" type="stmt" count="73"/>
      <line num="586" type="stmt" count="3"/>
      <line num="588" type="stmt" count="3"/>
      <line num="589" type="stmt" count="3"/>
      <line num="590" type="stmt" count="3"/>
      <line num="592" type="stmt" count="2"/>
      <line num="593" type="stmt" count="2"/>
      <line num="594" type="stmt" count="2"/>
      <line num="595" type="stmt" count="1"/>
      <line num="596" type="stmt" count="1"/>
      <line num="597" type="stmt" count="1"/>
      <line num="599" type="stmt" count="3"/>
      <line num="601" type="stmt" count="3"/>
      <line num="602" type="stmt" count="3"/>
      <line num="603" type="stmt" count="3"/>
      <line num="604" type="stmt" count="3"/>
      <line num="607" type="stmt" count="1"/>
      <line num="611" type="stmt" count="70"/>
      <line num="613" type="stmt" count="73"/>
      <line num="622" type="method" name="getByMonthDay" visibility="protected" complexity="7" crap="7" count="73"/>
      <line num="624" type="stmt" count="73"/>
      <line num="625" type="stmt" count="73"/>
      <line num="626" type="stmt" count="8"/>
      <line num="627" type="stmt" count="8"/>
      <line num="629" type="stmt" count="2"/>
      <line num="630" type="stmt" count="2"/>
      <line num="632" type="stmt" count="7"/>
      <line num="634" type="stmt" count="8"/>
      <line num="635" type="stmt" count="8"/>
      <line num="636" type="stmt" count="8"/>
      <line num="637" type="stmt" count="8"/>
      <line num="638" type="stmt" count="5"/>
      <line num="639" type="stmt" count="5"/>
      <line num="644" type="stmt" count="65"/>
      <line num="646" type="stmt" count="73"/>
      <line num="655" type="method" name="getByDay" visibility="protected" complexity="12" crap="12" count="73"/>
      <line num="657" type="stmt" count="73"/>
      <line num="658" type="stmt" count="73"/>
      <line num="659" type="stmt" count="43"/>
      <line num="661" type="stmt" count="43"/>
      <line num="662" type="stmt" count="43"/>
      <line num="663" type="stmt" count="43"/>
      <line num="664" type="stmt" count="43"/>
      <line num="665" type="stmt" count="24"/>
      <line num="666" type="stmt" count="24"/>
      <line num="667" type="stmt" count="2"/>
      <line num="669" type="stmt" count="22"/>
      <line num="671" type="stmt" count="24"/>
      <line num="672" type="stmt" count="24"/>
      <line num="673" type="stmt" count="24"/>
      <line num="674" type="stmt" count="24"/>
      <line num="675" type="stmt" count="24"/>
      <line num="680" type="stmt" count="20"/>
      <line num="681" type="stmt" count="20"/>
      <line num="682" type="stmt" count="20"/>
      <line num="683" type="stmt" count="20"/>
      <line num="684" type="stmt" count="20"/>
      <line num="685" type="stmt" count="20"/>
      <line num="686" type="stmt" count="20"/>
      <line num="687" type="stmt" count="20"/>
      <line num="688" type="stmt" count="20"/>
      <line num="691" type="stmt" count="20"/>
      <line num="695" type="stmt" count="43"/>
      <line num="697" type="stmt" count="30"/>
      <line num="699" type="stmt" count="73"/>
      <line num="708" type="method" name="getByHour" visibility="protected" complexity="6" crap="6" count="73"/>
      <line num="710" type="stmt" count="73"/>
      <line num="711" type="stmt" count="73"/>
      <line num="712" type="stmt" count="2"/>
      <line num="713" type="stmt" count="2"/>
      <line num="715" type="stmt" count="2"/>
      <line num="717" type="stmt" count="2"/>
      <line num="718" type="stmt" count="2"/>
      <line num="719" type="stmt" count="2"/>
      <line num="720" type="stmt" count="1"/>
      <line num="721" type="stmt" count="1"/>
      <line num="725" type="stmt" count="2"/>
      <line num="727" type="stmt" count="71"/>
      <line num="729" type="stmt" count="73"/>
      <line num="738" type="method" name="getByMinute" visibility="protected" complexity="6" crap="6" count="73"/>
      <line num="740" type="stmt" count="73"/>
      <line num="741" type="stmt" count="73"/>
      <line num="742" type="stmt" count="1"/>
      <line num="743" type="stmt" count="1"/>
      <line num="744" type="stmt" count="1"/>
      <line num="745" type="stmt" count="1"/>
      <line num="746" type="stmt" count="1"/>
      <line num="747" type="stmt" count="1"/>
      <line num="748" type="stmt" count="1"/>
      <line num="751" type="stmt" count="1"/>
      <line num="754" type="stmt" count="72"/>
      <line num="756" type="stmt" count="73"/>
      <line num="765" type="method" name="getBySecond" visibility="protected" complexity="5" crap="5" count="73"/>
      <line num="767" type="stmt" count="73"/>
      <line num="768" type="stmt" count="73"/>
      <line num="769" type="stmt" count="1"/>
      <line num="770" type="stmt" count="1"/>
      <line num="771" type="stmt" count="1"/>
      <line num="772" type="stmt" count="1"/>
      <line num="773" type="stmt" count="1"/>
      <line num="776" type="stmt" count="1"/>
      <line num="778" type="stmt" count="73"/>
      <line num="786" type="method" name="addResult" visibility="protected" complexity="3" crap="3" count="73"/>
      <line num="788" type="stmt" count="73"/>
      <line num="790" type="stmt" count="5"/>
      <line num="791" type="stmt" count="5"/>
      <line num="794" type="stmt" count="73"/>
      <line num="803" type="method" name="logError" visibility="private" complexity="2" crap="2" count="7"/>
      <line num="805" type="stmt" count="7"/>
      <line num="806" type="stmt" count="7"/>
      <line num="807" type="stmt" count="3"/>
      <metrics loc="811" ncloc="611" classes="1" methods="21" coveredmethods="21" conditionals="0" coveredconditionals="0" statements="360" coveredstatements="360" elements="381" coveredelements="381"/>
    </file>
    <file name="/mnt/data/html/packages/iCal/SKien/iCal/iCalTimezone.php">
      <class name="SKien\iCal\iCalTimezone" namespace="global">
        <metrics complexity="33" methods="12" coveredmethods="12" conditionals="0" coveredconditionals="0" statements="91" coveredstatements="91" elements="103" coveredelements="103"/>
      </class>
      <line num="34" type="method" name="__construct" visibility="public" complexity="1" crap="1" count="85"/>
      <line num="36" type="stmt" count="85"/>
      <line num="55" type="method" name="fromTimezone" visibility="public" complexity="5" crap="5" count="70"/>
      <line num="58" type="stmt" count="70"/>
      <line num="61" type="stmt" count="70"/>
      <line num="62" type="stmt" count="70"/>
      <line num="64" type="stmt" count="70"/>
      <line num="66" type="stmt" count="70"/>
      <line num="67" type="stmt" count="70"/>
      <line num="68" type="stmt" count="70"/>
      <line num="69" type="stmt" count="70"/>
      <line num="72" type="stmt" count="70"/>
      <line num="73" type="stmt" count="70"/>
      <line num="74" type="stmt" count="70"/>
      <line num="75" type="stmt" count="70"/>
      <line num="76" type="stmt" count="70"/>
      <line num="77" type="stmt" count="70"/>
      <line num="78" type="stmt" count="70"/>
      <line num="79" type="stmt" count="70"/>
      <line num="81" type="stmt" count="68"/>
      <line num="83" type="stmt" count="68"/>
      <line num="85" type="stmt" count="68"/>
      <line num="86" type="stmt" count="68"/>
      <line num="87" type="stmt" count="68"/>
      <line num="88" type="stmt" count="68"/>
      <line num="90" type="stmt" count="68"/>
      <line num="91" type="stmt" count="68"/>
      <line num="101" type="method" name="fromFile" visibility="public" complexity="6" crap="6" count="3"/>
      <line num="103" type="stmt" count="3"/>
      <line num="104" type="stmt" count="3"/>
      <line num="105" type="stmt" count="3"/>
      <line num="106" type="stmt" count="3"/>
      <line num="107" type="stmt" count="3"/>
      <line num="108" type="stmt" count="3"/>
      <line num="109" type="stmt" count="3"/>
      <line num="110" type="stmt" count="3"/>
      <line num="111" type="stmt" count="3"/>
      <line num="112" type="stmt" count="3"/>
      <line num="113" type="stmt" count="3"/>
      <line num="116" type="stmt" count="3"/>
      <line num="117" type="stmt" count="3"/>
      <line num="119" type="stmt" count="3"/>
      <line num="122" type="stmt" count="3"/>
      <line num="124" type="stmt" count="3"/>
      <line num="133" type="method" name="setTZID" visibility="public" complexity="1" crap="1" count="15"/>
      <line num="135" type="stmt" count="15"/>
      <line num="143" type="method" name="getTZID" visibility="public" complexity="1" crap="1" count="77"/>
      <line num="145" type="stmt" count="77"/>
      <line num="152" type="method" name="setComment" visibility="public" complexity="1" crap="1" count="14"/>
      <line num="154" type="stmt" count="14"/>
      <line num="161" type="method" name="getComment" visibility="public" complexity="1" crap="1" count="1"/>
      <line num="163" type="stmt" count="1"/>
      <line num="170" type="method" name="addTimezoneProp" visibility="public" complexity="1" crap="1" count="83"/>
      <line num="172" type="stmt" count="83"/>
      <line num="179" type="method" name="getTimezoneProps" visibility="public" complexity="1" crap="1" count="2"/>
      <line num="181" type="stmt" count="2"/>
      <line num="190" type="method" name="createTimeoffsetList" visibility="public" complexity="7" crap="7" count="71"/>
      <line num="192" type="stmt" count="71"/>
      <line num="193" type="stmt" count="71"/>
      <line num="194" type="stmt" count="71"/>
      <line num="200" type="stmt" count="71"/>
      <line num="201" type="stmt" count="71"/>
      <line num="202" type="stmt" count="71"/>
      <line num="205" type="stmt" count="71"/>
      <line num="206" type="stmt" count="71"/>
      <line num="208" type="stmt" count="71"/>
      <line num="209" type="stmt" count="71"/>
      <line num="212" type="stmt" count="71"/>
      <line num="213" type="stmt" count="71"/>
      <line num="215" type="stmt" count="71"/>
      <line num="217" type="stmt" count="71"/>
      <line num="218" type="stmt" count="71"/>
      <line num="219" type="stmt" count="71"/>
      <line num="221" type="stmt" count="71"/>
      <line num="229" type="method" name="findTimeOffset" visibility="public" complexity="5" crap="5" count="65"/>
      <line num="231" type="stmt" count="65"/>
      <line num="232" type="stmt" count="56"/>
      <line num="234" type="stmt" count="65"/>
      <line num="235" type="stmt" count="65"/>
      <line num="236" type="stmt" count="10"/>
      <line num="237" type="stmt" count="10"/>
      <line num="238" type="stmt" count="10"/>
      <line num="239" type="stmt" count="10"/>
      <line num="240" type="stmt" count="10"/>
      <line num="241" type="stmt" count="10"/>
      <line num="243" type="stmt" count="10"/>
      <line num="245" type="stmt" count="64"/>
      <line num="247" type="stmt" count="65"/>
      <line num="248" type="stmt" count="65"/>
      <line num="249" type="stmt" count="65"/>
      <line num="250" type="stmt" count="65"/>
      <line num="252" type="stmt" count="65"/>
      <line num="255" type="stmt" count="65"/>
      <line num="262" type="method" name="buildData" visibility="public" complexity="3" crap="3" count="3"/>
      <line num="264" type="stmt" count="3"/>
      <line num="265" type="stmt" count="3"/>
      <line num="266" type="stmt" count="3"/>
      <line num="267" type="stmt" count="3"/>
      <line num="268" type="stmt" count="3"/>
      <line num="270" type="stmt" count="3"/>
      <line num="271" type="stmt" count="1"/>
      <line num="273" type="stmt" count="3"/>
      <line num="275" type="stmt" count="3"/>
      <metrics loc="278" ncloc="190" classes="1" methods="12" coveredmethods="12" conditionals="0" coveredconditionals="0" statements="91" coveredstatements="91" elements="103" coveredelements="103"/>
    </file>
    <file name="/mnt/data/html/packages/iCal/SKien/iCal/iCalTimezoneProp.php">
      <class name="SKien\iCal\iCalTimezoneProp" namespace="global">
        <metrics complexity="26" methods="12" coveredmethods="12" conditionals="0" coveredconditionals="0" statements="54" coveredstatements="54" elements="66" coveredelements="66"/>
      </class>
      <line num="40" type="method" name="__construct" visibility="public" complexity="1" crap="1" count="99"/>
      <line num="42" type="stmt" count="99"/>
      <line num="43" type="stmt" count="99"/>
      <line num="49" type="method" name="getType" visibility="public" complexity="1" crap="1" count="1"/>
      <line num="51" type="stmt" count="1"/>
      <line num="57" type="method" name="setName" visibility="public" complexity="1" crap="1" count="84"/>
      <line num="59" type="stmt" count="84"/>
      <line num="65" type="method" name="getName" visibility="public" complexity="1" crap="1" count="1"/>
      <line num="67" type="stmt" count="1"/>
      <line num="82" type="method" name="setStart" visibility="public" complexity="3" crap="3" count="93"/>
      <line num="84" type="stmt" count="93"/>
      <line num="85" type="stmt" count="24"/>
      <line num="86" type="stmt" count="9"/>
      <line num="88" type="stmt" count="15"/>
      <line num="90" type="stmt" count="24"/>
      <line num="91" type="stmt" count="24"/>
      <line num="93" type="stmt" count="69"/>
      <line num="103" type="method" name="setOffsetFrom" visibility="public" complexity="2" crap="2" count="86"/>
      <line num="105" type="stmt" count="86"/>
      <line num="106" type="stmt" count="69"/>
      <line num="108" type="stmt" count="17"/>
      <line num="115" type="method" name="getOffsetFrom" visibility="public" complexity="1" crap="1" count="73"/>
      <line num="117" type="stmt" count="73"/>
      <line num="129" type="method" name="setOffsetTo" visibility="public" complexity="5" crap="5" count="90"/>
      <line num="131" type="stmt" count="90"/>
      <line num="132" type="stmt" count="69"/>
      <line num="134" type="stmt" count="21"/>
      <line num="135" type="stmt" count="21"/>
      <line num="137" type="stmt" count="21"/>
      <line num="138" type="stmt" count="5"/>
      <line num="140" type="stmt" count="21"/>
      <line num="141" type="stmt" count="1"/>
      <line num="143" type="stmt" count="21"/>
      <line num="144" type="stmt" count="1"/>
      <line num="152" type="method" name="getOffsetTo" visibility="public" complexity="1" crap="1" count="73"/>
      <line num="154" type="stmt" count="73"/>
      <line num="167" type="method" name="addRDate" visibility="public" complexity="4" crap="4" count="6"/>
      <line num="169" type="stmt" count="6"/>
      <line num="170" type="stmt" count="5"/>
      <line num="171" type="stmt" count="5"/>
      <line num="172" type="stmt" count="1"/>
      <line num="174" type="stmt" count="5"/>
      <line num="175" type="stmt" count="5"/>
      <line num="176" type="stmt" count="5"/>
      <line num="177" type="stmt" count="5"/>
      <line num="180" type="stmt" count="1"/>
      <line num="194" type="method" name="addExcludeDate" visibility="public" complexity="4" crap="4" count="3"/>
      <line num="196" type="stmt" count="3"/>
      <line num="197" type="stmt" count="3"/>
      <line num="198" type="stmt" count="3"/>
      <line num="199" type="stmt" count="2"/>
      <line num="201" type="stmt" count="3"/>
      <line num="202" type="stmt" count="3"/>
      <line num="203" type="stmt" count="3"/>
      <line num="204" type="stmt" count="3"/>
      <line num="207" type="stmt" count="2"/>
      <line num="215" type="method" name="buildData" visibility="public" complexity="2" crap="2" count="2"/>
      <line num="217" type="stmt" count="2"/>
      <line num="218" type="stmt" count="2"/>
      <line num="219" type="stmt" count="2"/>
      <line num="220" type="stmt" count="2"/>
      <line num="221" type="stmt" count="2"/>
      <line num="222" type="stmt" count="2"/>
      <line num="223" type="stmt" count="1"/>
      <line num="225" type="stmt" count="2"/>
      <line num="227" type="stmt" count="2"/>
      <metrics loc="230" ncloc="143" classes="1" methods="12" coveredmethods="12" conditionals="0" coveredconditionals="0" statements="54" coveredstatements="54" elements="66" coveredelements="66"/>
    </file>
    <file name="/mnt/data/html/packages/iCal/SKien/iCal/iCalTimezoneReader.php">
      <class name="SKien\iCal\iCalTimezoneReader" namespace="global">
        <metrics complexity="12" methods="6" coveredmethods="6" conditionals="0" coveredconditionals="0" statements="21" coveredstatements="21" elements="27" coveredelements="27"/>
      </class>
      <line num="31" type="method" name="__construct" visibility="public" complexity="1" crap="1" count="15"/>
      <line num="33" type="stmt" count="15"/>
      <line num="34" type="stmt" count="15"/>
      <line num="41" type="method" name="getTimezone" visibility="public" complexity="1" crap="1" count="3"/>
      <line num="43" type="stmt" count="3"/>
      <line num="52" type="method" name="hasEndReached" visibility="public" complexity="2" crap="2" count="15"/>
      <line num="54" type="stmt" count="15"/>
      <line num="55" type="stmt" count="15"/>
      <line num="56" type="stmt" count="15"/>
      <line num="57" type="stmt" count="15"/>
      <line num="59" type="stmt" count="15"/>
      <line num="68" type="method" name="addProperty" visibility="public" complexity="5" crap="5" count="15"/>
      <line num="81" type="stmt" count="15"/>
      <line num="99" type="stmt" count="15"/>
      <line num="100" type="stmt" count="15"/>
      <line num="101" type="stmt" count="15"/>
      <line num="102" type="stmt" count="15"/>
      <line num="103" type="stmt" count="15"/>
      <line num="105" type="stmt" count="15"/>
      <line num="106" type="stmt" count="15"/>
      <line num="108" type="stmt" count="15"/>
      <line num="119" type="method" name="beginTimezoneProp" visibility="protected" complexity="1" crap="1" count="15"/>
      <line num="121" type="stmt" count="15"/>
      <line num="130" type="method" name="endTimezoneProp" visibility="protected" complexity="2" crap="2" count="15"/>
      <line num="132" type="stmt" count="15"/>
      <line num="133" type="stmt" count="15"/>
      <line num="134" type="stmt" count="15"/>
      <metrics loc="138" ncloc="77" classes="1" methods="6" coveredmethods="6" conditionals="0" coveredconditionals="0" statements="21" coveredstatements="21" elements="27" coveredelements="27"/>
    </file>
    <file name="/mnt/data/html/packages/iCal/SKien/iCal/iCalendar.php">
      <class name="SKien\iCal\iCalendar" namespace="global">
        <metrics complexity="38" methods="18" coveredmethods="18" conditionals="0" coveredconditionals="0" statements="75" coveredstatements="75" elements="93" coveredelements="93"/>
      </class>
      <line num="78" type="method" name="__construct" visibility="public" complexity="1" crap="1" count="120"/>
      <line num="80" type="stmt" count="120"/>
      <line num="84" type="stmt" count="120"/>
      <line num="86" type="stmt" count="120"/>
      <line num="90" type="stmt" count="120"/>
      <line num="97" type="method" name="getEncoding" visibility="public" complexity="1" crap="1" count="35"/>
      <line num="99" type="stmt" count="35"/>
      <line num="114" type="method" name="setEncoding" visibility="public" complexity="1" crap="1" count="1"/>
      <line num="116" type="stmt" count="1"/>
      <line num="123" type="method" name="setLogger" visibility="public" complexity="1" crap="1" count="1"/>
      <line num="125" type="stmt" count="1"/>
      <line num="134" type="method" name="log" visibility="public" complexity="3" crap="3" count="79"/>
      <line num="136" type="stmt" count="79"/>
      <line num="137" type="stmt" count="12"/>
      <line num="139" type="stmt" count="79"/>
      <line num="140" type="stmt" count="79"/>
      <line num="141" type="stmt" count="3"/>
      <line num="143" type="stmt" count="79"/>
      <line num="151" type="method" name="getLogCount" visibility="public" complexity="1" crap="1" count="15"/>
      <line num="153" type="stmt" count="15"/>
      <line num="162" type="method" name="defineXProperty" visibility="public" complexity="2" crap="2" count="1"/>
      <line num="164" type="stmt" count="1"/>
      <line num="165" type="stmt" count="1"/>
      <line num="167" type="stmt" count="1"/>
      <line num="176" type="method" name="getXProperty" visibility="public" complexity="2" crap="2" count="11"/>
      <line num="178" type="stmt" count="11"/>
      <line num="179" type="stmt" count="1"/>
      <line num="181" type="stmt" count="11"/>
      <line num="188" type="method" name="setName" visibility="public" complexity="1" crap="1" count="12"/>
      <line num="190" type="stmt" count="12"/>
      <line num="199" type="method" name="forceInspectorOpen" visibility="public" complexity="1" crap="1" count="1"/>
      <line num="201" type="stmt" count="1"/>
      <line num="208" type="method" name="getTimezonePHP" visibility="public" complexity="1" crap="1" count="1"/>
      <line num="210" type="stmt" count="1"/>
      <line num="216" type="method" name="addEvent" visibility="public" complexity="7" crap="7" count="12"/>
      <line num="218" type="stmt" count="12"/>
      <line num="219" type="stmt" count="12"/>
      <line num="220" type="stmt" count="12"/>
      <line num="221" type="stmt" count="11"/>
      <line num="222" type="stmt" count="11"/>
      <line num="225" type="stmt" count="12"/>
      <line num="226" type="stmt" count="12"/>
      <line num="227" type="stmt" count="9"/>
      <line num="228" type="stmt" count="9"/>
      <line num="237" type="method" name="getEvents" visibility="public" complexity="1" crap="1" count="6"/>
      <line num="239" type="stmt" count="6"/>
      <line num="246" type="method" name="addTimezone" visibility="public" complexity="1" crap="1" count="77"/>
      <line num="248" type="stmt" count="77"/>
      <line num="255" type="method" name="getTimezone" visibility="public" complexity="2" crap="2" count="67"/>
      <line num="257" type="stmt" count="67"/>
      <line num="258" type="stmt" count="67"/>
      <line num="259" type="stmt" count="65"/>
      <line num="261" type="stmt" count="67"/>
      <line num="268" type="method" name="buildData" visibility="public" complexity="3" crap="3" count="2"/>
      <line num="270" type="stmt" count="2"/>
      <line num="271" type="stmt" count="2"/>
      <line num="272" type="stmt" count="2"/>
      <line num="274" type="stmt" count="2"/>
      <line num="275" type="stmt" count="2"/>
      <line num="276" type="stmt" count="1"/>
      <line num="278" type="stmt" count="2"/>
      <line num="279" type="stmt" count="2"/>
      <line num="282" type="stmt" count="2"/>
      <line num="283" type="stmt" count="2"/>
      <line num="285" type="stmt" count="2"/>
      <line num="288" type="stmt" count="2"/>
      <line num="289" type="stmt" count="1"/>
      <line num="291" type="stmt" count="2"/>
      <line num="293" type="stmt" count="2"/>
      <line num="302" type="method" name="write" visibility="public" complexity="4" crap="4" count="1"/>
      <line num="304" type="stmt" count="1"/>
      <line num="306" type="stmt" count="1"/>
      <line num="307" type="stmt" count="1"/>
      <line num="311" type="stmt" count="1"/>
      <line num="312" type="stmt" count="1"/>
      <line num="313" type="stmt" count="1"/>
      <line num="314" type="stmt" count="1"/>
      <line num="315" type="stmt" count="1"/>
      <line num="324" type="stmt" count="1"/>
      <line num="326" type="stmt" count="1"/>
      <line num="333" type="method" name="read" visibility="public" complexity="5" crap="5" count="13"/>
      <line num="335" type="stmt" count="13"/>
      <line num="336" type="stmt" count="12"/>
      <line num="343" type="stmt" count="12"/>
      <line num="344" type="stmt" count="12"/>
      <line num="345" type="stmt" count="12"/>
      <line num="346" type="stmt" count="12"/>
      <line num="347" type="stmt" count="12"/>
      <line num="348" type="stmt" count="12"/>
      <line num="349" type="stmt" count="12"/>
      <line num="351" type="stmt" count="12"/>
      <line num="355" type="stmt" count="1"/>
      <line num="357" type="stmt" count="13"/>
      <metrics loc="360" ncloc="213" classes="1" methods="18" coveredmethods="18" conditionals="0" coveredconditionals="0" statements="75" coveredstatements="75" elements="93" coveredelements="93"/>
    </file>
    <metrics files="11" loc="3506" ncloc="2299" classes="11" methods="147" coveredmethods="147" conditionals="0" coveredconditionals="0" statements="1068" coveredstatements="1068" elements="1215" coveredelements="1215"/>
  </project>
</coverage>
